TN:
SF:client/src/components/reviews/AddReview.jsx
FN:6,AddReview
FN:19,clearReview
FN:34,handleChange
FN:42,handleSubmit
FNF:4
FNH:2
FNDA:13,AddReview
FNDA:5,clearReview
FNDA:0,handleChange
FNDA:0,handleSubmit
DA:1,1
DA:2,1
DA:3,1
DA:4,1
DA:5,1
DA:6,1
DA:7,13
DA:8,13
DA:9,13
DA:10,13
DA:11,13
DA:12,13
DA:13,13
DA:14,13
DA:15,13
DA:16,13
DA:17,13
DA:18,13
DA:19,13
DA:20,5
DA:21,5
DA:22,5
DA:23,5
DA:24,5
DA:25,5
DA:26,5
DA:27,5
DA:28,5
DA:29,13
DA:30,13
DA:31,13
DA:32,13
DA:33,13
DA:34,13
DA:35,0
DA:36,0
DA:37,0
DA:38,0
DA:39,0
DA:40,0
DA:41,13
DA:42,13
DA:43,0
DA:44,0
DA:45,0
DA:46,0
DA:47,0
DA:48,0
DA:49,0
DA:50,0
DA:51,0
DA:52,0
DA:53,0
DA:54,0
DA:55,0
DA:56,0
DA:57,13
DA:58,13
DA:59,13
DA:60,13
DA:61,3
DA:62,3
DA:63,3
DA:64,3
DA:65,3
DA:66,3
DA:67,3
DA:68,3
DA:69,3
DA:70,3
DA:71,3
DA:72,3
DA:73,3
DA:74,3
DA:75,3
DA:76,3
DA:77,3
DA:78,3
DA:79,3
DA:80,3
DA:81,3
DA:82,3
DA:83,3
DA:84,3
DA:85,3
DA:86,3
DA:87,3
DA:88,3
DA:89,3
DA:90,3
DA:91,3
DA:92,3
DA:93,3
DA:94,3
DA:95,3
DA:96,3
DA:97,3
DA:98,3
DA:99,3
DA:100,3
DA:101,1
DA:102,1
LF:102
LH:82
BRDA:6,0,0,13
BRDA:60,1,0,10
BRDA:61,2,0,3
BRDA:19,3,0,5
BRDA:20,4,0,5
BRDA:30,5,0,5
BRF:6
BRH:6
end_of_record
TN:
SF:client/src/components/reviews/AddReview.styles.js
FNF:0
FNH:0
DA:1,1
DA:2,1
DA:3,1
DA:4,1
DA:5,1
DA:6,1
DA:7,1
DA:8,1
DA:9,1
DA:10,1
DA:11,1
DA:12,1
DA:13,1
DA:14,1
DA:15,1
DA:16,1
DA:17,1
DA:18,1
DA:19,1
DA:20,1
DA:21,1
DA:22,1
DA:23,1
DA:24,1
DA:25,1
LF:25
LH:25
BRF:0
BRH:0
end_of_record
TN:
SF:client/src/components/reviews/ReviewEntry.jsx
FN:13,ReviewEntry
FN:18,handleClick
FN:41,onClick
FN:42,onClick
FNF:4
FNH:1
FNDA:17,ReviewEntry
FNDA:0,handleClick
FNDA:0,onClick
FNDA:0,onClick
DA:1,1
DA:2,1
DA:3,1
DA:4,1
DA:5,1
DA:6,1
DA:7,1
DA:8,1
DA:9,1
DA:10,1
DA:11,1
DA:12,1
DA:13,1
DA:14,17
DA:15,17
DA:16,17
DA:17,17
DA:18,17
DA:19,0
DA:20,0
DA:21,0
DA:22,0
DA:23,0
DA:24,0
DA:25,0
DA:26,0
DA:27,0
DA:28,17
DA:29,17
DA:30,17
DA:31,17
DA:32,17
DA:33,17
DA:34,17
DA:35,17
DA:36,17
DA:37,17
DA:38,17
DA:39,17
DA:40,17
DA:41,17
DA:42,17
DA:43,17
DA:44,17
DA:45,17
DA:46,1
DA:47,1
LF:47
LH:38
BRDA:13,0,0,17
BRDA:39,1,0,9
BRDA:39,2,0,8
BRDA:40,3,0,0
BRF:4
BRH:3
end_of_record
TN:
SF:client/src/components/reviews/ReviewEntry.styles.js
FNF:0
FNH:0
DA:1,1
DA:2,1
DA:3,1
DA:4,1
DA:5,1
DA:6,1
DA:7,1
DA:8,1
DA:9,1
DA:10,1
DA:11,1
DA:12,1
DA:13,1
DA:14,1
DA:15,1
DA:16,1
LF:16
LH:16
BRF:0
BRH:0
end_of_record
TN:
SF:client/src/components/reviews/ReviewList.jsx
FN:16,ReviewList
FN:25,openModal
FN:26,handleMoreReviews
FNF:3
FNH:3
FNDA:7,ReviewList
FNDA:2,openModal
FNDA:1,handleMoreReviews
DA:1,1
DA:2,1
DA:3,1
DA:4,1
DA:5,1
DA:6,1
DA:7,1
DA:8,1
DA:9,1
DA:10,1
DA:11,1
DA:12,1
DA:13,1
DA:14,1
DA:15,1
DA:16,1
DA:17,7
DA:18,7
DA:19,7
DA:20,7
DA:21,7
DA:22,7
DA:23,7
DA:24,7
DA:25,7
DA:26,7
DA:27,7
DA:28,7
DA:29,7
DA:30,7
DA:31,7
DA:32,7
DA:33,7
DA:34,7
DA:35,7
DA:36,7
DA:37,7
DA:38,7
DA:39,7
DA:40,7
DA:41,7
DA:42,7
DA:43,7
DA:44,7
DA:45,7
DA:46,7
DA:47,7
DA:48,7
DA:49,7
DA:50,7
DA:51,7
DA:52,7
DA:53,7
DA:54,7
DA:55,7
DA:56,7
DA:57,7
DA:58,7
DA:59,7
DA:60,7
DA:61,7
DA:62,7
DA:63,7
DA:64,7
DA:65,1
DA:66,1
LF:66
LH:66
BRDA:16,0,0,7
BRDA:25,1,0,2
BRDA:25,2,0,2
BRDA:26,3,0,1
BRDA:26,4,0,1
BRDA:41,5,0,16
BRF:6
BRH:6
end_of_record
TN:
SF:client/src/components/reviews/ReviewSummary.jsx
FN:12,ReviewSummary
FN:13,handleClick
FNF:2
FNH:1
FNDA:2,ReviewSummary
FNDA:0,handleClick
DA:1,1
DA:2,1
DA:3,1
DA:4,1
DA:5,1
DA:6,1
DA:7,1
DA:8,1
DA:9,1
DA:10,1
DA:11,1
DA:12,1
DA:13,2
DA:14,0
DA:15,0
DA:16,0
DA:17,0
DA:18,0
DA:19,2
DA:20,2
DA:21,2
DA:22,2
DA:23,2
DA:24,2
DA:25,2
DA:26,2
DA:27,2
DA:28,2
DA:29,2
DA:30,2
DA:31,2
DA:32,2
DA:33,2
DA:34,2
DA:35,2
DA:36,2
DA:37,2
DA:38,2
DA:39,2
DA:40,2
DA:41,2
DA:42,2
DA:43,2
DA:44,2
DA:45,2
DA:46,2
DA:47,2
DA:48,2
DA:49,2
DA:50,2
DA:51,2
DA:52,2
DA:53,2
DA:54,2
DA:55,2
DA:56,2
DA:57,2
DA:58,8
DA:59,8
DA:60,8
DA:61,8
DA:62,8
DA:63,8
DA:64,8
DA:65,2
DA:66,2
DA:67,2
DA:68,2
DA:69,1
DA:70,1
LF:70
LH:65
BRDA:12,0,0,2
BRDA:34,1,0,0
BRDA:38,2,0,0
BRDA:42,3,0,0
BRDA:46,4,0,0
BRDA:50,5,0,0
BRDA:57,6,0,8
BRF:7
BRH:2
end_of_record
TN:
SF:client/src/components/reviews/ReviewSummary.styles.js
FN:20,Object.<anonymous>.exports.RowStyle
FNF:1
FNH:1
FNDA:10,Object.<anonymous>.exports.RowStyle
DA:1,1
DA:2,1
DA:3,1
DA:4,1
DA:5,1
DA:6,1
DA:7,1
DA:8,1
DA:9,1
DA:10,1
DA:11,1
DA:12,1
DA:13,1
DA:14,1
DA:15,1
DA:16,1
DA:17,1
DA:18,1
DA:19,1
DA:20,1
DA:21,1
DA:22,1
DA:23,1
DA:24,1
DA:25,1
DA:26,1
DA:27,1
DA:28,1
DA:29,1
DA:30,1
DA:31,1
DA:32,1
LF:32
LH:32
BRDA:20,0,0,10
BRDA:20,1,0,0
BRDA:21,2,0,10
BRDA:21,3,0,0
BRDA:22,4,0,10
BRDA:22,5,0,0
BRF:6
BRH:3
end_of_record
TN:
SF:client/src/components/reviews/Reviews.jsx
FN:18,Reviews
FNF:1
FNH:1
FNDA:1,Reviews
DA:1,1
DA:2,1
DA:3,1
DA:4,1
DA:5,1
DA:6,1
DA:7,1
DA:8,1
DA:9,1
DA:10,1
DA:11,1
DA:12,1
DA:13,1
DA:14,1
DA:15,1
DA:16,1
DA:17,1
DA:18,1
DA:19,1
DA:20,1
DA:21,1
DA:22,1
DA:23,1
DA:24,1
DA:25,1
DA:26,1
DA:27,1
DA:28,1
DA:29,1
DA:30,1
DA:31,1
DA:32,1
DA:33,1
DA:34,1
DA:35,1
DA:36,1
DA:37,1
DA:38,1
DA:39,1
DA:40,1
LF:40
LH:40
BRDA:18,0,0,1
BRF:1
BRH:1
end_of_record
TN:
SF:client/src/components/reviews/SortingBar.jsx
FN:4,SortingBar
FN:14,onChange
FNF:2
FNH:1
FNDA:8,SortingBar
FNDA:0,onChange
DA:1,1
DA:2,1
DA:3,1
DA:4,1
DA:5,8
DA:6,8
DA:7,8
DA:8,8
DA:9,8
DA:10,8
DA:11,8
DA:12,8
DA:13,8
DA:14,8
DA:15,8
DA:16,8
DA:17,8
DA:18,8
DA:19,8
DA:20,8
DA:21,8
DA:22,1
DA:23,1
LF:23
LH:23
BRDA:4,0,0,8
BRF:1
BRH:1
end_of_record
TN:
SF:client/src/components/shared/calcAvgTotalReviews.js
FN:1,calcAvgTotalReviews
FNF:1
FNH:1
FNDA:12,calcAvgTotalReviews
DA:1,1
DA:2,12
DA:3,12
DA:4,12
DA:5,12
DA:6,24
DA:7,24
DA:8,24
DA:9,12
DA:10,12
DA:11,12
DA:12,12
DA:13,12
DA:14,12
DA:15,1
DA:16,1
LF:16
LH:16
BRDA:1,0,0,12
BRDA:5,1,0,24
BRDA:11,2,0,0
BRF:3
BRH:2
end_of_record
TN:
SF:client/src/components/shared/calcPctRecommend.js
FN:1,calcPctRecommend
FNF:1
FNH:1
FNDA:2,calcPctRecommend
DA:1,1
DA:2,2
DA:3,2
DA:4,2
DA:5,2
DA:6,2
DA:7,1
DA:8,1
LF:8
LH:8
BRDA:1,0,0,2
BRF:1
BRH:1
end_of_record
TN:
SF:client/src/components/shared/calcStarImg.jsx
FN:3,calcStarImg
FNF:1
FNH:1
FNDA:27,calcStarImg
DA:1,1
DA:2,1
DA:3,1
DA:4,27
DA:5,27
DA:6,27
DA:7,27
DA:8,27
DA:9,27
DA:10,27
DA:11,27
DA:12,117
DA:13,117
DA:14,27
DA:15,27
DA:16,27
DA:17,2
DA:18,27
DA:19,2
DA:20,25
DA:21,0
DA:22,0
DA:23,27
DA:24,27
DA:25,27
DA:26,14
DA:27,14
DA:28,27
DA:29,27
DA:30,27
DA:31,27
DA:32,27
DA:33,27
DA:34,27
DA:35,27
DA:36,27
DA:37,1
DA:38,1
LF:38
LH:36
BRDA:3,0,0,27
BRDA:3,1,0,0
BRDA:8,2,0,4
BRDA:8,3,0,0
BRDA:11,4,0,117
BRDA:16,5,0,2
BRDA:18,6,0,25
BRDA:18,7,0,2
BRDA:20,8,0,23
BRDA:20,9,0,0
BRDA:25,10,0,14
BRDA:31,11,0,135
BRF:12
BRH:9
end_of_record
TN:
SF:client/src/components/shared/fetchReviews.js
FN:3,fetchReviews
FNF:1
FNH:0
FNDA:0,fetchReviews
DA:1,1
DA:2,1
DA:3,1
DA:4,0
DA:5,0
DA:6,0
DA:7,0
DA:8,0
DA:9,0
DA:10,1
DA:11,1
LF:11
LH:5
BRF:0
BRH:0
end_of_record
TN:
SF:tests/Fixtures/reviews.js
FNF:0
FNH:0
DA:1,1
DA:2,1
DA:3,1
DA:4,1
DA:5,1
DA:6,1
DA:7,1
DA:8,1
DA:9,1
DA:10,1
DA:11,1
DA:12,1
DA:13,1
DA:14,1
DA:15,1
DA:16,1
DA:17,1
DA:18,1
DA:19,1
DA:20,1
DA:21,1
DA:22,1
DA:23,1
DA:24,1
DA:25,1
DA:26,1
DA:27,1
DA:28,1
DA:29,1
DA:30,1
DA:31,1
DA:32,1
DA:33,1
DA:34,1
DA:35,1
DA:36,1
DA:37,1
DA:38,1
DA:39,1
DA:40,1
DA:41,1
DA:42,1
DA:43,1
DA:44,1
DA:45,1
DA:46,1
DA:47,1
DA:48,1
DA:49,1
DA:50,1
DA:51,1
DA:52,1
DA:53,1
DA:54,1
DA:55,1
DA:56,1
DA:57,1
LF:57
LH:57
BRF:0
BRH:0
end_of_record
TN:
SF:tests/Fixtures/reviewsMeta.js
FNF:0
FNH:0
DA:1,1
DA:2,1
DA:3,1
DA:4,1
DA:5,1
DA:6,1
DA:7,1
DA:8,1
DA:9,1
DA:10,1
DA:11,1
DA:12,1
DA:13,1
DA:14,1
DA:15,1
DA:16,1
DA:17,1
DA:18,1
DA:19,1
DA:20,1
DA:21,1
DA:22,1
DA:23,1
DA:24,1
DA:25,1
DA:26,1
DA:27,1
DA:28,1
DA:29,1
DA:30,1
DA:31,1
LF:31
LH:31
BRF:0
BRH:0
end_of_record
